<?xml version="1.0" encoding="UTF-8" ?>
<testsuite 
errors="0" failures="0" hostname="Andrews-MacBook-Pro.local" name="com.datamountaineer.json.kcql.JsonKcqTest" tests="18" time="0.092" timestamp="2018-01-10T16:20:20">
  <properties>
[...]
</properties>
  <testcase 
  name="AvroKcqlExtractor should read json" classname="com.datamountaineer.json.kcql.JsonKcqTest" time="0.001">
</testcase>
  <testcase 
  name="AvroKcqlExtractor should handle null payload" classname="com.datamountaineer.json.kcql.JsonKcqTest" time="0.0">
</testcase>
  <testcase 
  name="AvroKcqlExtractor should handle 'SELECT name,vegan, calories  FROM topic' for a record" classname="com.datamountaineer.json.kcql.JsonKcqTest" time="0.006">
</testcase>
  <testcase 
  name="AvroKcqlExtractor should handle 'SELECT name as fieldName,vegan as V, calories as C FROM topic' for a record" classname="com.datamountaineer.json.kcql.JsonKcqTest" time="0.006">
</testcase>
  <testcase 
  name="AvroKcqlExtractor should handle 'SELECT calories as C ,vegan as V ,name as fieldName FROM topic' for a record" classname="com.datamountaineer.json.kcql.JsonKcqTest" time="0.004">
</testcase>
  <testcase 
  name="AvroKcqlExtractor should throw an exception when selecting arrays ' for a record" classname="com.datamountaineer.json.kcql.JsonKcqTest" time="0.003">
</testcase>
  <testcase 
  name="AvroKcqlExtractor should handle 'SELECT name, address.street.name FROM topic' from record" classname="com.datamountaineer.json.kcql.JsonKcqTest" time="0.021">
</testcase>
  <testcase 
  name="AvroKcqlExtractor should handle 'SELECT name, address.street.name as streetName FROM topic' from record" classname="com.datamountaineer.json.kcql.JsonKcqTest" time="0.004">
</testcase>
  <testcase 
  name="AvroKcqlExtractor should handle 'SELECT name, address.street.name as streetName, address.street2.name as streetName2 FROM topic' from record" classname="com.datamountaineer.json.kcql.JsonKcqTest" time="0.004">
</testcase>
  <testcase 
  name="AvroKcqlExtractor should handle 'SELECT name, address.street.*, address.street2.name as streetName2 FROM topic' from record" classname="com.datamountaineer.json.kcql.JsonKcqTest" time="0.004">
</testcase>
  <testcase 
  name="AvroKcqlExtractor should handle 'SELECT name, address.street.*, address.street2.* FROM topic' from record" classname="com.datamountaineer.json.kcql.JsonKcqTest" time="0.005">
</testcase>
  <testcase 
  name="AvroKcqlExtractor should handle 'SELECT address.state, address.city,name, address.street.name FROM topic' from record" classname="com.datamountaineer.json.kcql.JsonKcqTest" time="0.004">
</testcase>
  <testcase 
  name="AvroKcqlExtractor should handle 'SELECT address.state as S, address.city as C,name, address.street.name FROM topic' from record" classname="com.datamountaineer.json.kcql.JsonKcqTest" time="0.004">
</testcase>
  <testcase 
  name="AvroKcqlExtractor should not throw an exception if the field doesn't exist in the schema" classname="com.datamountaineer.json.kcql.JsonKcqTest" time="0.003">
</testcase>
  <testcase 
  name="AvroKcqlExtractor should handle 'SELECT * FROM simpleAddress' from record" classname="com.datamountaineer.json.kcql.JsonKcqTest" time="0.004">
</testcase>
  <testcase 
  name="AvroKcqlExtractor should handle 'SELECT street as S, city, state, zip as Z, country as C  FROM simpleAddress' from record" classname="com.datamountaineer.json.kcql.JsonKcqTest" time="0.004">
</testcase>
  <testcase 
  name="AvroKcqlExtractor should handle 'SELECT  zip as Z, * FROM simpleAddress' from record" classname="com.datamountaineer.json.kcql.JsonKcqTest" time="0.004">
</testcase>
  <testcase 
  name="AvroKcqlExtractor should handle 'SELECT  zip as Z, *, state as S FROM simpleAddress' from record" classname="com.datamountaineer.json.kcql.JsonKcqTest" time="0.003">
</testcase>
  <system-out><![CDATA[]]></system-out>
  <system-err><![CDATA[]]></system-err>
</testsuite>
